<?xml version="1.0" encoding="UTF-8"?>
<Site BuildName="Win32-gmake"
	BuildStamp="20230913-1318-Experimental"
	Name="DESKTOP-JR2G5OL"
	Generator="ctest-3.26.4-msvc4"
	CompilerName="C:/TDM-GCC-64/bin/g++.exe"
	CompilerVersion=""
	OSName="Windows"
	Hostname="DESKTOP-JR2G5OL"
	OSRelease=" Professional"
	OSVersion=" (Build 19045)"
	OSPlatform="AMD64"
	Is64Bits="1"
	VendorString="GenuineIntel"
	VendorID="Intel Corporation"
	FamilyID="6"
	ModelID="10"
	ProcessorCacheSize="-1"
	NumberOfLogicalCPU="4"
	NumberOfPhysicalCPU="4"
	TotalVirtualMemory="14991"
	TotalPhysicalMemory="8079"
	LogicalProcessorsPerPhysical="1"
	ProcessorClockFrequency="3192"
	>
	<Testing>
		<StartDateTime>Sep 13 21:31 Taipei Standard Time</StartDateTime>
		<StartTestTime>1694611888</StartTestTime>
		<TestList/>
		<EndDateTime>Sep 13 21:31 Taipei Standard Time</EndDateTime>
		<EndTestTime>1694611888</EndTestTime>
		<ElapsedMinutes>0</ElapsedMinutes>
	</Testing>
</Site>
